[debug] [2020-09-21T11:16:49.331Z] ----------------------------------------------------------------------
[debug] [2020-09-21T11:16:49.338Z] Command:       /usr/bin/node /usr/local/bin/firebase init
[debug] [2020-09-21T11:16:49.339Z] CLI Version:   8.10.0
[debug] [2020-09-21T11:16:49.340Z] Platform:      linux
[debug] [2020-09-21T11:16:49.340Z] Node Version:  v10.19.0
[debug] [2020-09-21T11:16:49.341Z] Time:          Mon Sep 21 2020 16:46:49 GMT+0530 (India Standard Time)
[debug] [2020-09-21T11:16:49.341Z] ----------------------------------------------------------------------
[debug] [2020-09-21T11:16:49.341Z] 
[debug] [2020-09-21T11:16:49.356Z] > command requires scopes: ["email","openid","https://www.googleapis.com/auth/cloudplatformprojects.readonly","https://www.googleapis.com/auth/firebase","https://www.googleapis.com/auth/cloud-platform"]
[debug] [2020-09-21T11:16:49.357Z] > authorizing via signed-in user
[info] 
     ######## #### ########  ######## ########     ###     ######  ########
     ##        ##  ##     ## ##       ##     ##  ##   ##  ##       ##
     ######    ##  ########  ######   ########  #########  ######  ######
     ##        ##  ##    ##  ##       ##     ## ##     ##       ## ##
     ##       #### ##     ## ######## ########  ##     ##  ######  ########

You're about to initialize a Firebase project in this directory:

  /home/avisek/Desktop/work/p2pchat/p2pchat

[info] 
=== Project Setup
[info] 
[info] First, let's associate this project directory with a Firebase project.
[info] You can create multiple project aliases by running firebase use --add, 
[info] but for now we'll just set up a default project.
[info] 
[debug] [2020-09-21T11:18:23.307Z] ----------------------------------------------------------------------
[debug] [2020-09-21T11:18:23.315Z] Command:       /usr/bin/node /usr/local/bin/firebase init
[debug] [2020-09-21T11:18:23.318Z] CLI Version:   8.10.0
[debug] [2020-09-21T11:18:23.318Z] Platform:      linux
[debug] [2020-09-21T11:18:23.318Z] Node Version:  v10.19.0
[debug] [2020-09-21T11:18:23.319Z] Time:          Mon Sep 21 2020 16:48:23 GMT+0530 (India Standard Time)
[debug] [2020-09-21T11:18:23.320Z] ----------------------------------------------------------------------
[debug] [2020-09-21T11:18:23.320Z] 
[debug] [2020-09-21T11:18:23.340Z] > command requires scopes: ["email","openid","https://www.googleapis.com/auth/cloudplatformprojects.readonly","https://www.googleapis.com/auth/firebase","https://www.googleapis.com/auth/cloud-platform"]
[debug] [2020-09-21T11:18:23.341Z] > authorizing via signed-in user
[info] 
     ######## #### ########  ######## ########     ###     ######  ########
     ##        ##  ##     ## ##       ##     ##  ##   ##  ##       ##
     ######    ##  ########  ######   ########  #########  ######  ######
     ##        ##  ##    ##  ##       ##     ## ##     ##       ## ##
     ##       #### ##     ## ######## ########  ##     ##  ######  ########

You're about to initialize a Firebase project in this directory:

  /home/avisek/Desktop/work/p2pchat/p2pchat

